[11:02:28] [main/INFO] [GradleStart]: Extra: []
[11:02:29] [main/INFO] [GradleStart]: Running with arguments: [--tweakClass, net.minecraftforge.fml.common.launcher.FMLServerTweaker, --tweakClass, net.minecraftforge.gradle.tweakers.CoremodTweaker]
[11:02:29] [main/INFO] [LaunchWrapper]: Loading tweak class name net.minecraftforge.fml.common.launcher.FMLServerTweaker
[11:02:29] [main/INFO] [LaunchWrapper]: Using primary tweak class name net.minecraftforge.fml.common.launcher.FMLServerTweaker
[11:02:29] [main/INFO] [LaunchWrapper]: Loading tweak class name net.minecraftforge.gradle.tweakers.CoremodTweaker
[11:02:29] [main/INFO] [LaunchWrapper]: Calling tweak class net.minecraftforge.fml.common.launcher.FMLServerTweaker
[11:02:31] [main/INFO] [FML]: Forge Mod Loader version 14.23.5.2820 for Minecraft 1.12.2 loading
[11:02:31] [main/INFO] [FML]: Java is Java HotSpot(TM) 64-Bit Server VM, version 1.8.0_333, running on Windows 10:amd64:10.0, installed at C:\Program Files\Java\jdk1.8.0_333\jre
[11:02:31] [main/ERROR] [FML]: Apache Maven library folder was not in the format expected. Using default libraries directory.
[11:02:31] [main/ERROR] [FML]: Full: C:\Users\holde\.gradle\caches\modules-2\files-2.1\org.apache.maven\maven-artifact\3.5.3\7dc72b6d6d8a6dced3d294ed54c2cc3515ade9f4\maven-artifact-3.5.3.jar
[11:02:31] [main/ERROR] [FML]: Trimmed: c:/users/holde/.gradle/caches/modules-2/files-2.1/org.apache.maven/maven-artifact/3.5.3/
[11:02:31] [main/INFO] [FML]: Managed to load a deobfuscated Minecraft name- we are in a deobfuscated environment. Skipping runtime deobfuscation
[11:02:31] [main/INFO] [FML]: Ignoring missing certificate for coremod FMLCorePlugin (net.minecraftforge.fml.relauncher.FMLCorePlugin), we are in deobf and it's a forge core plugin
[11:02:31] [main/INFO] [FML]: Ignoring missing certificate for coremod FMLForgePlugin (net.minecraftforge.classloading.FMLForgePlugin), we are in deobf and it's a forge core plugin
[11:02:31] [main/INFO] [FML]: Searching C:\Users\holde\Documents\GitHub\F25Mod\.\mods for mods
[11:02:31] [main/INFO] [LaunchWrapper]: Calling tweak class net.minecraftforge.gradle.tweakers.CoremodTweaker
[11:02:31] [main/INFO] [GradleStart]: Injecting location in coremod net.minecraftforge.fml.relauncher.FMLCorePlugin
[11:02:31] [main/INFO] [GradleStart]: Injecting location in coremod net.minecraftforge.classloading.FMLForgePlugin
[11:02:31] [main/INFO] [LaunchWrapper]: Loading tweak class name net.minecraftforge.fml.common.launcher.FMLInjectionAndSortingTweaker
[11:02:31] [main/INFO] [LaunchWrapper]: Loading tweak class name net.minecraftforge.fml.common.launcher.FMLDeobfTweaker
[11:02:31] [main/INFO] [LaunchWrapper]: Loading tweak class name net.minecraftforge.gradle.tweakers.AccessTransformerTweaker
[11:02:31] [main/INFO] [LaunchWrapper]: Calling tweak class net.minecraftforge.fml.common.launcher.FMLInjectionAndSortingTweaker
[11:02:31] [main/INFO] [LaunchWrapper]: Calling tweak class net.minecraftforge.fml.common.launcher.FMLInjectionAndSortingTweaker
[11:02:31] [main/INFO] [LaunchWrapper]: Calling tweak class net.minecraftforge.fml.relauncher.CoreModManager$FMLPluginWrapper
[11:02:33] [main/ERROR] [FML]: FML appears to be missing any signature data. This is not a good thing
[11:02:33] [main/INFO] [LaunchWrapper]: Calling tweak class net.minecraftforge.fml.relauncher.CoreModManager$FMLPluginWrapper
[11:02:33] [main/INFO] [LaunchWrapper]: Calling tweak class net.minecraftforge.fml.common.launcher.FMLDeobfTweaker
[11:02:34] [main/INFO] [LaunchWrapper]: Calling tweak class net.minecraftforge.gradle.tweakers.AccessTransformerTweaker
[11:02:34] [main/INFO] [LaunchWrapper]: Loading tweak class name net.minecraftforge.fml.common.launcher.TerminalTweaker
[11:02:34] [main/INFO] [LaunchWrapper]: Calling tweak class net.minecraftforge.fml.common.launcher.TerminalTweaker
[11:02:34] [main/INFO] [LaunchWrapper]: Launching wrapped minecraft {net.minecraft.server.MinecraftServer}
[11:02:34] [main/WARN] [net.minecraft.server.ServerEula]: Failed to load eula.txt
[11:02:34] [main/INFO] [net.minecraft.server.MinecraftServer]: You need to agree to the EULA in order to run the server. Go to eula.txt for more info.
